<?xml version="1.0" encoding="UTF-8"?>
<testng-results skipped="0" failed="0" ignored="0" total="2" passed="2">
  <reporter-output>
  </reporter-output>
  <suite name="Default suite" duration-ms="2189372" started-at="2020-05-28T14:24:39Z" finished-at="2020-05-28T15:01:08Z">
    <groups>
    </groups>
    <test name="Default test" duration-ms="2189372" started-at="2020-05-28T14:24:39Z" finished-at="2020-05-28T15:01:08Z">
      <class name="Preparation.PreparationModule1.PDFtestvalidation">
        <test-method status="PASS" signature="loadPdf()[pri:0, instance:Preparation.PreparationModule1.PDFtestvalidation@5a4041cc]" name="loadPdf" duration-ms="2059455" started-at="2020-05-28T14:24:39Z" finished-at="2020-05-28T14:58:59Z">
          <reporter-output>
          </reporter-output>
        </test-method> <!-- loadPdf -->
        <test-method status="PASS" signature="validateIfEmptyIsPdf()[pri:1, instance:Preparation.PreparationModule1.PDFtestvalidation@5a4041cc]" name="validateIfEmptyIsPdf" duration-ms="129764" started-at="2020-05-28T14:58:59Z" finished-at="2020-05-28T15:01:08Z">
          <reporter-output>
          </reporter-output>
        </test-method> <!-- validateIfEmptyIsPdf -->
      </class> <!-- Preparation.PreparationModule1.PDFtestvalidation -->
    </test> <!-- Default test -->
  </suite> <!-- Default suite -->
</testng-results>
